Command line:
   alu_bottom_isim_beh.exe
     -simmode  gui
     -simrunnum  0
     -socket  50972

Fri Mar 24 12:50:19 2017


 Elaboration Time: 0.171875 sec

 Current Memory Usage: 845.373 Meg

 Total Signals          : 44
 Total Nets             : 36
 Total Signal Drivers   : 16
 Total Blocks           : 5
 Total Primitive Blocks : 3
 Total Processes        : 19
 Total Traceable Variables  : 24
 Total Scalar Nets and Variables : 126
Total Line Count : 34

 Total Simulation Time: 0.203125 sec

 Current Memory Usage: 1159.95 Meg

Fri Mar 24 12:51:14 2017

